<?xml version="1.0" encoding="utf-8"?><testsuites name="pytest tests"><testsuite name="pytest" errors="0" failures="0" skipped="0" tests="7" time="2.231" timestamp="2026-09-07T13:05:58.398715+00:00" hostname="agent-env-ad289ad2-b169-4599-bfe1-0af05c27d309"><testcase classname="tests.test_auth_and_leads.TestGoogleSession" name="test_bogus_session_returns_401" time="0.487" /><testcase classname="tests.test_auth_and_leads.TestLogin" name="test_login_success_sets_cookie" time="0.605" /><testcase classname="tests.test_auth_and_leads.TestSimulatedGoogleUser" name="test_non_admin_google_user" time="0.069" /><testcase classname="tests.test_auth_and_leads.TestLeadCreatePublic" name="test_create_lead_no_auth" time="0.039" /><testcase classname="tests.test_auth_and_leads.TestLogin" name="test_leads_requires_auth" time="0.023" /><testcase classname="tests.test_auth_and_leads.TestLogin" name="test_login_wrong_password" time="0.286" /><testcase classname="tests.test_auth_and_leads.TestLogin" name="test_lockout_after_5_failures" time="0.241" /></testsuite></testsuites>